<?xml version="1.0" encoding="UTF-8"?>
<!-- Generated by org.testng.reporters.JUnitXMLReporter -->
<testsuite ignored="10" hostname="ruhul" failures="0" tests="1" name="Default test" time="15.858" errors="0" timestamp="2023-11-24T03:08:16 EST">
  <testcase classname="pagesTest.HomePageTest" name="use_of_partial_linkText_as_locator_in_homeowner_insurance" time="11.853"/>
  <testcase classname="pagesTest.HomePageTest" name="use_of_xpath_as_locator_in_auto_button" time="0.0">
    <ignored/>
  </testcase> <!-- use_of_xpath_as_locator_in_auto_button -->
  <testcase classname="pagesTest.HomePageTest" name="use_of_linkText_as_locator_in_homeowner_insurance" time="0.0">
    <ignored/>
  </testcase> <!-- use_of_linkText_as_locator_in_homeowner_insurance -->
  <testcase classname="pagesTest.HomePageTest" name="condoButton" time="0.0">
    <ignored/>
  </testcase> <!-- condoButton -->
  <testcase classname="pagesTest.HomePageTest" name="rentersButton" time="0.0">
    <ignored/>
  </testcase> <!-- rentersButton -->
  <testcase classname="pagesTest.HomePageTest" name="inputTextInZipeCodeFieldThenClickGetMyPriceButtonTest" time="0.0">
    <ignored/>
  </testcase> <!-- inputTextInZipeCodeFieldThenClickGetMyPriceButtonTest -->
  <testcase classname="pagesTest.HomePageTest" name="homeButtonTest" time="0.0">
    <ignored/>
  </testcase> <!-- homeButtonTest -->
  <testcase classname="pagesTest.HomePageTest" name="inputTextInZipCodeFieldTest" time="0.0">
    <ignored/>
  </testcase> <!-- inputTextInZipCodeFieldTest -->
  <testcase classname="pagesTest.HomePageTest" name="LoginButtonTest" time="0.0">
    <ignored/>
  </testcase> <!-- LoginButtonTest -->
  <testcase classname="pagesTest.HomePageTest" name="clickLogoTest" time="0.0">
    <ignored/>
  </testcase> <!-- clickLogoTest -->
  <testcase classname="pagesTest.HomePageTest" name="autoButton" time="0.0">
    <ignored/>
  </testcase> <!-- autoButton -->
</testsuite> <!-- Default test -->
