<?xml version="1.0" encoding="UTF-8"?>
<!-- Generated by org.testng.reporters.JUnitXMLReporter -->
<testsuite ignored="0" hostname="ruhul" failures="0" tests="5" name="Default test" time="47.655" errors="0" timestamp="2023-11-23T01:30:30 EST">
  <testcase classname="pagesTest.HomePageTest" name="autoButton" time="7.176"/>
  <testcase classname="pagesTest.HomePageTest" name="homeButtonTest" time="7.072"/>
  <testcase classname="pagesTest.HomePageTest" name="condoButton" time="7.599"/>
  <testcase classname="pagesTest.HomePageTest" name="rentersButton" time="7.501"/>
  <testcase classname="pagesTest.HomePageTest" name="LoginButtonTest" time="8.275"/>
</testsuite> <!-- Default test -->
