<?xml version="1.0" encoding="UTF-8"?>
<testng-results ignored="0" total="1" passed="1" failed="0" skipped="0">
  <reporter-output>
  </reporter-output>
  <suite started-at="2023-11-24T03:08:00 EST" name="Default suite" finished-at="2023-11-24T03:08:16 EST" duration-ms="15858">
    <groups>
    </groups>
    <test started-at="2023-11-24T03:08:00 EST" name="Default test" finished-at="2023-11-24T03:08:16 EST" duration-ms="15858">
      <class name="pagesTest.HomePageTest">
        <test-method is-config="true" signature="setUP()[pri:0, instance:pagesTest.HomePageTest@76a4ebf2]" started-at="2023-11-24T03:08:00 EST" name="setUP" finished-at="2023-11-24T03:08:04 EST" duration-ms="3576" status="PASS">
          <reporter-output>
          </reporter-output>
        </test-method> <!-- setUP -->
        <test-method signature="use_of_partial_linkText_as_locator_in_homeowner_insurance()[pri:0, instance:pagesTest.HomePageTest@76a4ebf2]" started-at="2023-11-24T03:08:04 EST" name="use_of_partial_linkText_as_locator_in_homeowner_insurance" finished-at="2023-11-24T03:08:16 EST" duration-ms="11853" status="PASS">
          <reporter-output>
          </reporter-output>
        </test-method> <!-- use_of_partial_linkText_as_locator_in_homeowner_insurance -->
        <test-method is-config="true" signature="tearUp()[pri:0, instance:pagesTest.HomePageTest@76a4ebf2]" started-at="2023-11-24T03:08:16 EST" name="tearUp" finished-at="2023-11-24T03:08:16 EST" duration-ms="370" status="PASS">
          <reporter-output>
          </reporter-output>
        </test-method> <!-- tearUp -->
      </class> <!-- pagesTest.HomePageTest -->
    </test> <!-- Default test -->
  </suite> <!-- Default suite -->
</testng-results>
